0 info it worked if it ends with ok
1 verbose cli [ 'node', '/usr/local/bin/npm', 'install' ]
2 info using npm@1.4.28
3 info using node@v0.10.32
4 verbose readDependencies using package.json deps
5 verbose install where, deps [ '/Users/alex/dev/onesalsa/client',
5 verbose install   [ 'bower',
5 verbose install     'http-server',
5 verbose install     'karma',
5 verbose install     'karma-chrome-launcher',
5 verbose install     'karma-jasmine',
5 verbose install     'karma-junit-reporter',
5 verbose install     'protractor',
5 verbose install     'shelljs' ] ]
6 info preinstall myApp@0.0.1
7 verbose readDependencies using package.json deps
8 verbose already installed skipping bower@^1.3.1 /Users/alex/dev/onesalsa/client
9 verbose already installed skipping http-server@^0.6.1 /Users/alex/dev/onesalsa/client
10 verbose already installed skipping karma@^0.12.24 /Users/alex/dev/onesalsa/client
11 verbose already installed skipping karma-chrome-launcher@^0.1.5 /Users/alex/dev/onesalsa/client
12 verbose already installed skipping karma-jasmine@^0.1.5 /Users/alex/dev/onesalsa/client
13 verbose already installed skipping karma-junit-reporter@^0.2.2 /Users/alex/dev/onesalsa/client
14 verbose already installed skipping protractor@^1.1.1 /Users/alex/dev/onesalsa/client
15 verbose already installed skipping shelljs@^0.2.6 /Users/alex/dev/onesalsa/client
16 silly resolved []
17 info build /Users/alex/dev/onesalsa/client
18 verbose linkStuff [ false, false, false, '/Users/alex/dev/onesalsa' ]
19 info linkStuff myApp@0.0.1
20 verbose linkBins myApp@0.0.1
21 verbose linkMans myApp@0.0.1
22 verbose rebuildBundles myApp@0.0.1
23 verbose rebuildBundles [ '.bin',
23 verbose rebuildBundles   'bower',
23 verbose rebuildBundles   'http-server',
23 verbose rebuildBundles   'karma',
23 verbose rebuildBundles   'karma-chrome-launcher',
23 verbose rebuildBundles   'karma-jasmine',
23 verbose rebuildBundles   'karma-junit-reporter',
23 verbose rebuildBundles   'protractor',
23 verbose rebuildBundles   'shelljs',
23 verbose rebuildBundles   'socket.io' ]
24 verbose rebuild bundle /Users/alex/dev/onesalsa/client/node_modules/socket.io
25 info build /Users/alex/dev/onesalsa/client/node_modules/socket.io
26 info preinstall socket.io@1.1.0
27 verbose linkStuff [ false,
27 verbose linkStuff   false,
27 verbose linkStuff   false,
27 verbose linkStuff   '/Users/alex/dev/onesalsa/client/node_modules' ]
28 info linkStuff socket.io@1.1.0
29 verbose linkBins socket.io@1.1.0
30 verbose linkMans socket.io@1.1.0
31 verbose rebuildBundles socket.io@1.1.0
32 verbose rebuildBundles [ 'debug',
32 verbose rebuildBundles   'engine.io',
32 verbose rebuildBundles   'has-binary-data',
32 verbose rebuildBundles   'socket.io-adapter',
32 verbose rebuildBundles   'socket.io-client',
32 verbose rebuildBundles   'socket.io-parser' ]
33 info install socket.io@1.1.0
34 info postinstall socket.io@1.1.0
35 info install myApp@0.0.1
36 info postinstall myApp@0.0.1
37 verbose unsafe-perm in lifecycle true
38 info myApp@0.0.1 Failed to exec postinstall script
39 error myApp@0.0.1 postinstall: `bower install`
39 error Exit status 1
40 error Failed at the myApp@0.0.1 postinstall script.
40 error This is most likely a problem with the myApp package,
40 error not with npm itself.
40 error Tell the author that this fails on your system:
40 error     bower install
40 error You can get their info via:
40 error     npm owner ls myApp
40 error There is likely additional logging output above.
41 error System Darwin 14.0.0
42 error command "node" "/usr/local/bin/npm" "install"
43 error cwd /Users/alex/dev/onesalsa/client
44 error node -v v0.10.32
45 error npm -v 1.4.28
46 error code ELIFECYCLE
47 verbose exit [ 1, true ]
